<?xml version="1.0" encoding="UTF-8"?>
<testsuite xmlns:xsi="http://www.w3.org/2001/XMLSchema-instance" xsi:noNamespaceSchemaLocation="https://maven.apache.org/surefire/maven-surefire-plugin/xsd/surefire-test-report.xsd" version="3.0.2" name="com.payroll.EmployeeCrudIntegrationTest" time="2.288" tests="6" errors="0" skipped="0" failures="0" flakes="0">
  <properties>
[...]
</properties>
  <testcase name="createEmployee" classname="com.payroll.EmployeeCrudIntegrationTest" time="0.652">
    <system-out><![CDATA[2026-08-17T14:46:10.509+05:30  INFO 25608 --- [employee-payroll-app] [           main] t.c.s.AnnotationConfigContextLoaderUtils : Could not detect default configuration classes for test class [com.payroll.EmployeeCrudIntegrationTest]: EmployeeCrudIntegrationTest does not declare any static, non-private, non-final, nested classes annotated with @Configuration.
2026-08-17T14:46:10.513+05:30 DEBUG 25608 --- [employee-payroll-app] [           main] .b.t.c.SpringBootTestContextBootstrapper : Using ContextCustomizerFactory implementations for test class [EmployeeCrudIntegrationTest]: [ImportsContextCustomizerFactory, PropertyMappingContextCustomizerFactory, ExcludeFilterContextCustomizerFactory, TypeExcludeFiltersContextCustomizerFactory, DisableReactorResourceFactoryGlobalResourcesContextCustomizerFactory, DuplicateJsonObjectContextCustomizerFactory, OnFailureConditionReportContextCustomizerFactory, OverrideAutoConfigurationContextCustomizerFactory, BeanOverrideContextCustomizerFactory, MockServerContainerContextCustomizerFactory, DynamicPropertiesContextCustomizerFactory, WebDriverContextCustomizerFactory, SpringBootTestRandomPortContextCustomizerFactory]
2026-08-17T14:46:10.522+05:30 DEBUG 25608 --- [employee-payroll-app] [           main] .b.t.c.SpringBootTestContextBootstrapper : Using ContextCustomizers for test class [EmployeeCrudIntegrationTest]: [PropertyMappingContextCustomizer, ExcludeFilterContextCustomizer, DuplicateJsonObjectContextCustomizer, OnFailureConditionReportContextCustomizer, DynamicPropertiesContextCustomizer, WebDriverContextCustomizer, SpringBootTestRandomPortContextCustomizer]
2026-08-17T14:46:10.524+05:30  INFO 25608 --- [employee-payroll-app] [           main] .b.t.c.SpringBootTestContextBootstrapper : Found @SpringBootConfiguration com.payroll.PayrollApplication for test class com.payroll.EmployeeCrudIntegrationTest
2026-08-17T14:46:10.529+05:30  INFO 25608 --- [employee-payroll-app] [           main] t.c.s.AnnotationConfigContextLoaderUtils : Could not detect default configuration classes for test class [com.payroll.EmployeeCrudIntegrationTest]: EmployeeCrudIntegrationTest does not declare any static, non-private, non-final, nested classes annotated with @Configuration.
2026-08-17T14:46:10.536+05:30 DEBUG 25608 --- [employee-payroll-app] [           main] .b.t.c.SpringBootTestContextBootstrapper : Using ContextCustomizerFactory implementations for test class [EmployeeCrudIntegrationTest]: [ImportsContextCustomizerFactory, PropertyMappingContextCustomizerFactory, ExcludeFilterContextCustomizerFactory, TypeExcludeFiltersContextCustomizerFactory, DisableReactorResourceFactoryGlobalResourcesContextCustomizerFactory, DuplicateJsonObjectContextCustomizerFactory, OnFailureConditionReportContextCustomizerFactory, OverrideAutoConfigurationContextCustomizerFactory, BeanOverrideContextCustomizerFactory, MockServerContainerContextCustomizerFactory, DynamicPropertiesContextCustomizerFactory, WebDriverContextCustomizerFactory, SpringBootTestRandomPortContextCustomizerFactory]
2026-08-17T14:46:10.541+05:30 DEBUG 25608 --- [employee-payroll-app] [           main] .b.t.c.SpringBootTestContextBootstrapper : Using ContextCustomizers for test class [EmployeeCrudIntegrationTest]: [PropertyMappingContextCustomizer, ExcludeFilterContextCustomizer, DuplicateJsonObjectContextCustomizer, OnFailureConditionReportContextCustomizer, DynamicPropertiesContextCustomizer, WebDriverContextCustomizer, SpringBootTestRandomPortContextCustomizer]
2026-08-17T14:46:10.542+05:30  INFO 25608 --- [employee-payroll-app] [           main] .b.t.c.SpringBootTestContextBootstrapper : Found @SpringBootConfiguration com.payroll.PayrollApplication for test class com.payroll.EmployeeCrudIntegrationTest
2026-08-17T14:46:10.546+05:30 DEBUG 25608 --- [employee-payroll-app] [           main] .b.t.c.SpringBootTestContextBootstrapper : Neither @ContextConfiguration nor @ContextHierarchy found for test class [EmployeeCrudIntegrationTest]: using SpringBootContextLoader
2026-08-17T14:46:10.552+05:30 DEBUG 25608 --- [employee-payroll-app] [           main] .b.t.c.SpringBootTestContextBootstrapper : Using TestExecutionListeners for test class [EmployeeCrudIntegrationTest]: [ServletTestExecutionListener, DirtiesContextBeforeModesTestExecutionListener, ApplicationEventsTestExecutionListener, BeanOverrideTestExecutionListener, DependencyInjectionTestExecutionListener, DirtiesContextTestExecutionListener, CommonCachesTestExecutionListener, TransactionalTestExecutionListener, SqlScriptsTestExecutionListener, EventPublishingTestExecutionListener, MockitoResetTestExecutionListener, MockMvcPrintOnlyOnFailureTestExecutionListener, WebDriverTestExecutionListener]
2026-08-17T14:46:10.577+05:30 DEBUG 25608 --- [employee-payroll-app] [           main] o.s.jdbc.core.JdbcTemplate               : Executing SQL update [DELETE FROM employees]
2026-08-17T14:46:10.746+05:30 DEBUG 25608 --- [employee-payroll-app] [o-auto-1-exec-2] o.s.web.servlet.DispatcherServlet        : POST "/employees", parameters={}
2026-08-17T14:46:10.746+05:30 DEBUG 25608 --- [employee-payroll-app] [o-auto-1-exec-2] s.w.s.m.m.a.RequestMappingHandlerMapping : Mapped to com.payroll.controller.EmployeeController#addEmployee(Employee)
2026-08-17T14:46:10.815+05:30 DEBUG 25608 --- [employee-payroll-app] [o-auto-1-exec-2] m.m.a.RequestResponseBodyMethodProcessor : Read "application/json;charset=UTF-8" to [com.payroll.dto.Employee@56ceae72]
2026-08-17T14:46:10.909+05:30  INFO 25608 --- [employee-payroll-app] [o-auto-1-exec-2] c.payroll.controller.EmployeeController  : POST /employees name=Kavya Nair
2026-08-17T14:46:10.910+05:30  INFO 25608 --- [employee-payroll-app] [o-auto-1-exec-2] com.payroll.service.EmployeeService      : Service: creating employee name=Kavya Nair
2026-08-17T14:46:10.910+05:30  INFO 25608 --- [employee-payroll-app] [o-auto-1-exec-2] com.payroll.dao.EmployeeJpaDAO           : Saving employee name=Kavya Nair via JPA
2026-08-17T14:46:10.975+05:30 DEBUG 25608 --- [employee-payroll-app] [o-auto-1-exec-2] org.hibernate.SQL                        : 
    insert 
    into
        employees
        (active, department, name, salary, employee_id) 
    values
        (?, ?, ?, ?, default)
Hibernate: 
    insert 
    into
        employees
        (active, department, name, salary, employee_id) 
    values
        (?, ?, ?, ?, default)
2026-08-17T14:46:11.109+05:30 DEBUG 25608 --- [employee-payroll-app] [o-auto-1-exec-2] o.s.w.s.m.m.a.HttpEntityMethodProcessor  : Using 'application/json', given [*/*] and supported [application/json, application/*+json]
2026-08-17T14:46:11.109+05:30 DEBUG 25608 --- [employee-payroll-app] [o-auto-1-exec-2] o.s.w.s.m.m.a.HttpEntityMethodProcessor  : Writing [com.payroll.dto.Employee@799b21b6]
2026-08-17T14:46:11.118+05:30 DEBUG 25608 --- [employee-payroll-app] [o-auto-1-exec-2] o.s.web.servlet.DispatcherServlet        : Completed 201 CREATED
]]></system-out>
  </testcase>
  <testcase name="getAllEmployees" classname="com.payroll.EmployeeCrudIntegrationTest" time="1.152">
    <system-out><![CDATA[2026-08-17T14:46:11.269+05:30 DEBUG 25608 --- [employee-payroll-app] [o-auto-1-exec-3] o.s.web.servlet.DispatcherServlet        : GET "/employees", parameters={}
2026-08-17T14:46:11.269+05:30 DEBUG 25608 --- [employee-payroll-app] [o-auto-1-exec-3] s.w.s.m.m.a.RequestMappingHandlerMapping : Mapped to com.payroll.controller.EmployeeController#getAllEmployees()
2026-08-17T14:46:12.269+05:30 DEBUG 25608 --- [employee-payroll-app] [o-auto-1-exec-3] org.hibernate.SQL                        : 
    select
        ee1_0.employee_id,
        ee1_0.active,
        ee1_0.department,
        ee1_0.name,
        ee1_0.salary 
    from
        employees ee1_0 
    where
        ee1_0.active=true 
    order by
        ee1_0.employee_id
Hibernate: 
    select
        ee1_0.employee_id,
        ee1_0.active,
        ee1_0.department,
        ee1_0.name,
        ee1_0.salary 
    from
        employees ee1_0 
    where
        ee1_0.active=true 
    order by
        ee1_0.employee_id
2026-08-17T14:46:12.315+05:30 DEBUG 25608 --- [employee-payroll-app] [o-auto-1-exec-3] m.m.a.RequestResponseBodyMethodProcessor : Using 'application/json', given [*/*] and supported [application/json, application/*+json]
2026-08-17T14:46:12.316+05:30 DEBUG 25608 --- [employee-payroll-app] [o-auto-1-exec-3] m.m.a.RequestResponseBodyMethodProcessor : Writing [[com.payroll.dto.Employee@24e95bc0]]
2026-08-17T14:46:12.317+05:30 DEBUG 25608 --- [employee-payroll-app] [o-auto-1-exec-3] o.s.web.servlet.DispatcherServlet        : Completed 200 OK
]]></system-out>
  </testcase>
  <testcase name="getEmployeeById" classname="com.payroll.EmployeeCrudIntegrationTest" time="0.182">
    <system-out><![CDATA[2026-08-17T14:46:12.471+05:30 DEBUG 25608 --- [employee-payroll-app] [o-auto-1-exec-4] o.s.web.servlet.DispatcherServlet        : GET "/employees/3", parameters={}
2026-08-17T14:46:12.471+05:30 DEBUG 25608 --- [employee-payroll-app] [o-auto-1-exec-4] s.w.s.m.m.a.RequestMappingHandlerMapping : Mapped to com.payroll.controller.EmployeeController#getEmployee(int)
2026-08-17T14:46:12.519+05:30 DEBUG 25608 --- [employee-payroll-app] [o-auto-1-exec-4] org.hibernate.SQL                        : 
    select
        ee1_0.employee_id,
        ee1_0.active,
        ee1_0.department,
        ee1_0.name,
        ee1_0.salary 
    from
        employees ee1_0 
    where
        ee1_0.employee_id=? 
        and ee1_0.active=true
Hibernate: 
    select
        ee1_0.employee_id,
        ee1_0.active,
        ee1_0.department,
        ee1_0.name,
        ee1_0.salary 
    from
        employees ee1_0 
    where
        ee1_0.employee_id=? 
        and ee1_0.active=true
2026-08-17T14:46:12.529+05:30 DEBUG 25608 --- [employee-payroll-app] [o-auto-1-exec-4] o.s.w.s.m.m.a.HttpEntityMethodProcessor  : Using 'application/json', given [*/*] and supported [application/json, application/*+json]
2026-08-17T14:46:12.529+05:30 DEBUG 25608 --- [employee-payroll-app] [o-auto-1-exec-4] o.s.w.s.m.m.a.HttpEntityMethodProcessor  : Writing [com.payroll.dto.Employee@77656f7]
2026-08-17T14:46:12.529+05:30 DEBUG 25608 --- [employee-payroll-app] [o-auto-1-exec-4] o.s.web.servlet.DispatcherServlet        : Completed 200 OK
]]></system-out>
  </testcase>
  <testcase name="updateEmployee" classname="com.payroll.EmployeeCrudIntegrationTest" time="0.088">
    <system-out><![CDATA[2026-08-17T14:46:12.604+05:30 DEBUG 25608 --- [employee-payroll-app] [o-auto-1-exec-5] o.s.web.servlet.DispatcherServlet        : PUT "/employees/3", parameters={}
2026-08-17T14:46:12.604+05:30 DEBUG 25608 --- [employee-payroll-app] [o-auto-1-exec-5] s.w.s.m.m.a.RequestMappingHandlerMapping : Mapped to com.payroll.controller.EmployeeController#updateEmployee(int, Employee)
2026-08-17T14:46:12.609+05:30 DEBUG 25608 --- [employee-payroll-app] [o-auto-1-exec-5] m.m.a.RequestResponseBodyMethodProcessor : Read "application/json;charset=UTF-8" to [com.payroll.dto.Employee@6a11c8af]
2026-08-17T14:46:12.609+05:30  INFO 25608 --- [employee-payroll-app] [o-auto-1-exec-5] c.payroll.controller.EmployeeController  : PUT /employees/3
2026-08-17T14:46:12.609+05:30  INFO 25608 --- [employee-payroll-app] [o-auto-1-exec-5] com.payroll.service.EmployeeService      : Service: updating employee id=3
2026-08-17T14:46:12.609+05:30  INFO 25608 --- [employee-payroll-app] [o-auto-1-exec-5] com.payroll.dao.EmployeeJpaDAO           : Updating employee id=3 via JPA
2026-08-17T14:46:12.609+05:30 DEBUG 25608 --- [employee-payroll-app] [o-auto-1-exec-5] org.hibernate.SQL                        : 
    select
        ee1_0.employee_id,
        ee1_0.active,
        ee1_0.department,
        ee1_0.name,
        ee1_0.salary 
    from
        employees ee1_0 
    where
        ee1_0.employee_id=? 
        and ee1_0.active=true
Hibernate: 
    select
        ee1_0.employee_id,
        ee1_0.active,
        ee1_0.department,
        ee1_0.name,
        ee1_0.salary 
    from
        employees ee1_0 
    where
        ee1_0.employee_id=? 
        and ee1_0.active=true
2026-08-17T14:46:12.623+05:30 DEBUG 25608 --- [employee-payroll-app] [o-auto-1-exec-5] org.hibernate.SQL                        : 
    update
        employees 
    set
        active=?,
        department=?,
        name=?,
        salary=? 
    where
        employee_id=?
Hibernate: 
    update
        employees 
    set
        active=?,
        department=?,
        name=?,
        salary=? 
    where
        employee_id=?
2026-08-17T14:46:12.628+05:30 DEBUG 25608 --- [employee-payroll-app] [o-auto-1-exec-5] org.hibernate.SQL                        : 
    select
        ee1_0.employee_id,
        ee1_0.active,
        ee1_0.department,
        ee1_0.name,
        ee1_0.salary 
    from
        employees ee1_0 
    where
        ee1_0.employee_id=? 
        and ee1_0.active=true
Hibernate: 
    select
        ee1_0.employee_id,
        ee1_0.active,
        ee1_0.department,
        ee1_0.name,
        ee1_0.salary 
    from
        employees ee1_0 
    where
        ee1_0.employee_id=? 
        and ee1_0.active=true
2026-08-17T14:46:12.629+05:30 DEBUG 25608 --- [employee-payroll-app] [o-auto-1-exec-5] o.s.w.s.m.m.a.HttpEntityMethodProcessor  : Using 'application/json', given [*/*] and supported [application/json, application/*+json]
2026-08-17T14:46:12.630+05:30 DEBUG 25608 --- [employee-payroll-app] [o-auto-1-exec-5] o.s.w.s.m.m.a.HttpEntityMethodProcessor  : Writing [com.payroll.dto.Employee@dd68b8d]
2026-08-17T14:46:12.630+05:30 DEBUG 25608 --- [employee-payroll-app] [o-auto-1-exec-5] o.s.web.servlet.DispatcherServlet        : Completed 200 OK
]]></system-out>
  </testcase>
  <testcase name="deleteEmployee" classname="com.payroll.EmployeeCrudIntegrationTest" time="0.086">
    <system-out><![CDATA[2026-08-17T14:46:12.713+05:30 DEBUG 25608 --- [employee-payroll-app] [o-auto-1-exec-6] o.s.web.servlet.DispatcherServlet        : DELETE "/employees/3", parameters={}
2026-08-17T14:46:12.714+05:30 DEBUG 25608 --- [employee-payroll-app] [o-auto-1-exec-6] s.w.s.m.m.a.RequestMappingHandlerMapping : Mapped to com.payroll.controller.EmployeeController#deleteEmployee(int)
2026-08-17T14:46:12.716+05:30  INFO 25608 --- [employee-payroll-app] [o-auto-1-exec-6] c.payroll.controller.EmployeeController  : DELETE /employees/3
2026-08-17T14:46:12.716+05:30  INFO 25608 --- [employee-payroll-app] [o-auto-1-exec-6] com.payroll.service.EmployeeService      : Service: deleting employee id=3
2026-08-17T14:46:12.716+05:30  INFO 25608 --- [employee-payroll-app] [o-auto-1-exec-6] com.payroll.dao.EmployeeJpaDAO           : Deleting employee id=3 via JPA
2026-08-17T14:46:12.719+05:30 DEBUG 25608 --- [employee-payroll-app] [o-auto-1-exec-6] org.hibernate.SQL                        : 
    select
        ee1_0.employee_id,
        ee1_0.active,
        ee1_0.department,
        ee1_0.name,
        ee1_0.salary 
    from
        employees ee1_0 
    where
        ee1_0.employee_id=? 
        and ee1_0.active=true
Hibernate: 
    select
        ee1_0.employee_id,
        ee1_0.active,
        ee1_0.department,
        ee1_0.name,
        ee1_0.salary 
    from
        employees ee1_0 
    where
        ee1_0.employee_id=? 
        and ee1_0.active=true
2026-08-17T14:46:12.734+05:30 DEBUG 25608 --- [employee-payroll-app] [o-auto-1-exec-6] org.hibernate.SQL                        : 
    delete 
    from
        employees 
    where
        employee_id=?
Hibernate: 
    delete 
    from
        employees 
    where
        employee_id=?
2026-08-17T14:46:12.739+05:30 DEBUG 25608 --- [employee-payroll-app] [o-auto-1-exec-6] o.s.w.s.m.m.a.HttpEntityMethodProcessor  : Using 'application/json', given [*/*] and supported [application/json, application/*+json]
2026-08-17T14:46:12.740+05:30 DEBUG 25608 --- [employee-payroll-app] [o-auto-1-exec-6] o.s.w.s.m.m.a.HttpEntityMethodProcessor  : Nothing to write: null body
2026-08-17T14:46:12.740+05:30 DEBUG 25608 --- [employee-payroll-app] [o-auto-1-exec-6] o.s.web.servlet.DispatcherServlet        : Completed 204 NO_CONTENT
]]></system-out>
  </testcase>
  <testcase name="getDeletedEmployeeReturns404" classname="com.payroll.EmployeeCrudIntegrationTest" time="0.037">
    <system-out><![CDATA[2026-08-17T14:46:12.784+05:30 DEBUG 25608 --- [employee-payroll-app] [o-auto-1-exec-7] o.s.web.servlet.DispatcherServlet        : GET "/employees/3", parameters={}
2026-08-17T14:46:12.784+05:30 DEBUG 25608 --- [employee-payroll-app] [o-auto-1-exec-7] s.w.s.m.m.a.RequestMappingHandlerMapping : Mapped to com.payroll.controller.EmployeeController#getEmployee(int)
2026-08-17T14:46:12.785+05:30 DEBUG 25608 --- [employee-payroll-app] [o-auto-1-exec-7] org.hibernate.SQL                        : 
    select
        ee1_0.employee_id,
        ee1_0.active,
        ee1_0.department,
        ee1_0.name,
        ee1_0.salary 
    from
        employees ee1_0 
    where
        ee1_0.employee_id=? 
        and ee1_0.active=true
Hibernate: 
    select
        ee1_0.employee_id,
        ee1_0.active,
        ee1_0.department,
        ee1_0.name,
        ee1_0.salary 
    from
        employees ee1_0 
    where
        ee1_0.employee_id=? 
        and ee1_0.active=true
2026-08-17T14:46:12.786+05:30  WARN 25608 --- [employee-payroll-app] [o-auto-1-exec-7] c.payroll.controller.EmployeeController  : Employee id=3 not found
2026-08-17T14:46:12.786+05:30 DEBUG 25608 --- [employee-payroll-app] [o-auto-1-exec-7] o.s.w.s.m.m.a.HttpEntityMethodProcessor  : Using 'application/json', given [*/*] and supported [application/json, application/*+json]
2026-08-17T14:46:12.786+05:30 DEBUG 25608 --- [employee-payroll-app] [o-auto-1-exec-7] o.s.w.s.m.m.a.HttpEntityMethodProcessor  : Nothing to write: null body
2026-08-17T14:46:12.786+05:30 DEBUG 25608 --- [employee-payroll-app] [o-auto-1-exec-7] o.s.web.servlet.DispatcherServlet        : Completed 404 NOT_FOUND
]]></system-out>
  </testcase>
</testsuite>